0 info it worked if it ends with ok
1 verbose cli [ '/usr/bin/node', '/usr/bin/npm', 'install', '-g', 'karma' ]
2 info using npm@1.4.28
3 info using node@v0.10.33
4 verbose node symlink /usr/bin/node
5 verbose cache add [ 'karma', null ]
6 verbose cache add name=undefined spec="karma" args=["karma",null]
7 verbose parsed url { protocol: null,
7 verbose parsed url   slashes: null,
7 verbose parsed url   auth: null,
7 verbose parsed url   host: null,
7 verbose parsed url   port: null,
7 verbose parsed url   hostname: null,
7 verbose parsed url   hash: null,
7 verbose parsed url   search: null,
7 verbose parsed url   query: null,
7 verbose parsed url   pathname: 'karma',
7 verbose parsed url   path: 'karma',
7 verbose parsed url   href: 'karma' }
8 silly lockFile 512423cb-karma karma
9 verbose lock karma /home/anuteja/.npm/512423cb-karma.lock
10 silly lockFile 512423cb-karma karma
11 silly lockFile 512423cb-karma karma
12 verbose addNamed [ 'karma', '' ]
13 verbose addNamed [ null, '*' ]
14 silly lockFile cd7961bb-karma karma@
15 verbose lock karma@ /home/anuteja/.npm/cd7961bb-karma.lock
16 silly addNameRange { name: 'karma', range: '*', hasData: false }
17 verbose request where is /karma
18 verbose request registry https://registry.npmjs.org/
19 verbose request id 16be74cccdbba31f
20 verbose url raw /karma
21 verbose url resolving [ 'https://registry.npmjs.org/', './karma' ]
22 verbose url resolved https://registry.npmjs.org/karma
23 verbose request where is https://registry.npmjs.org/karma
24 info trying registry request attempt 1 at 19:50:07
25 verbose etag "9WEKZT9UVRWJ04W6BEURJBX5K"
26 http GET https://registry.npmjs.org/karma
27 http 304 https://registry.npmjs.org/karma
28 silly registry.get cb [ 304,
28 silly registry.get   { date: 'Sun, 18 Jan 2015 00:50:08 GMT',
28 silly registry.get     server: 'Apache',
28 silly registry.get     via: '1.1 varnish',
28 silly registry.get     'last-modified': 'Sun, 18 Jan 2015 00:50:08 GMT',
28 silly registry.get     'cache-control': 'max-age=60',
28 silly registry.get     etag: '"9WEKZT9UVRWJ04W6BEURJBX5K"',
28 silly registry.get     age: '0',
28 silly registry.get     'x-served-by': 'cache-atl6220-ATL',
28 silly registry.get     'x-cache': 'HIT',
28 silly registry.get     'x-cache-hits': '1',
28 silly registry.get     'x-timer': 'S1421542208.120895,VS0,VE318',
28 silly registry.get     vary: 'Accept',
28 silly registry.get     'content-length': '0',
28 silly registry.get     'keep-alive': 'timeout=10, max=50',
28 silly registry.get     connection: 'Keep-Alive' } ]
29 verbose etag https://registry.npmjs.org/karma from cache
30 silly addNameRange number 2 { name: 'karma', range: '*', hasData: true }
31 silly addNameRange versions [ 'karma',
31 silly addNameRange   [ '0.8.0',
31 silly addNameRange     '0.9.0-dart',
31 silly addNameRange     '0.8.1',
31 silly addNameRange     '0.8.2',
31 silly addNameRange     '0.8.3',
31 silly addNameRange     '0.9.0',
31 silly addNameRange     '0.8.4',
31 silly addNameRange     '0.9.1',
31 silly addNameRange     '0.8.5',
31 silly addNameRange     '0.9.2',
31 silly addNameRange     '0.9.2-dart',
31 silly addNameRange     '0.9.3',
31 silly addNameRange     '0.8.6',
31 silly addNameRange     '0.9.4',
31 silly addNameRange     '0.8.7',
31 silly addNameRange     '0.9.5',
31 silly addNameRange     '0.9.6',
31 silly addNameRange     '0.8.8',
31 silly addNameRange     '0.9.7',
31 silly addNameRange     '0.9.8',
31 silly addNameRange     '0.10.0',
31 silly addNameRange     '0.10.1',
31 silly addNameRange     '0.10.2',
31 silly addNameRange     '0.11.0',
31 silly addNameRange     '0.11.1',
31 silly addNameRange     '0.10.3',
31 silly addNameRange     '0.10.4',
31 silly addNameRange     '0.11.2',
31 silly addNameRange     '0.11.3',
31 silly addNameRange     '0.10.5',
31 silly addNameRange     '0.11.4',
31 silly addNameRange     '0.11.5',
31 silly addNameRange     '0.10.6',
31 silly addNameRange     '0.11.6',
31 silly addNameRange     '0.10.7',
31 silly addNameRange     '0.11.7',
31 silly addNameRange     '0.11.8',
31 silly addNameRange     '0.11.9',
31 silly addNameRange     '0.10.8',
31 silly addNameRange     '0.11.10',
31 silly addNameRange     '0.11.11',
31 silly addNameRange     '0.11.12',
31 silly addNameRange     '0.11.11-dev',
31 silly addNameRange     '0.10.9',
31 silly addNameRange     '0.11.12-dev',
31 silly addNameRange     '0.11.12-dev2',
31 silly addNameRange     '0.11.13',
31 silly addNameRange     '0.11.14',
31 silly addNameRange     '0.12.0',
31 silly addNameRange     '0.10.10',
31 silly addNameRange     '0.12.1',
31 silly addNameRange     '0.12.2',
31 silly addNameRange     '0.12.3',
31 silly addNameRange     '0.12.4',
31 silly addNameRange     '0.12.5',
31 silly addNameRange     '0.12.6',
31 silly addNameRange     '0.12.6-beta-43e6e28',
31 silly addNameRange     '0.12.7',
31 silly addNameRange     '0.12.8',
31 silly addNameRange     '0.12.9',
31 silly addNameRange     '0.12.10',
31 silly addNameRange     '0.12.11',
31 silly addNameRange     '0.12.12',
31 silly addNameRange     '0.12.11-beta-3029418',
31 silly addNameRange     '0.12.13',
31 silly addNameRange     '0.12.14',
31 silly addNameRange     '0.12.15',
31 silly addNameRange     '0.12.16',
31 silly addNameRange     '0.12.16-beta-905422d',
31 silly addNameRange     '0.12.17',
31 silly addNameRange     '0.12.18',
31 silly addNameRange     '0.12.19',
31 silly addNameRange     '0.12.20',
31 silly addNameRange     '0.12.21',
31 silly addNameRange     '0.12.22',
31 silly addNameRange     '0.12.23',
31 silly addNameRange     '0.12.24',
31 silly addNameRange     '0.12.24-beta-6cf7955',
31 silly addNameRange     '0.12.25',
31 silly addNameRange     '0.12.25-beta-37a7958',
31 silly addNameRange     '0.12.25-beta-ad5bc24',
31 silly addNameRange     '0.12.26',
31 silly addNameRange     '0.12.27',
31 silly addNameRange     '0.12.28',
31 silly addNameRange     '0.12.28-beta-b9be580',
31 silly addNameRange     '0.12.29',
31 silly addNameRange     '0.12.30',
31 silly addNameRange     '0.12.31',
31 silly addNameRange     '0.12.28-beta-f65c864' ] ]
32 verbose addNamed [ 'karma', '0.12.31' ]
33 verbose addNamed [ '0.12.31', '0.12.31' ]
34 silly lockFile feea9de1-karma-0-12-31 karma@0.12.31
35 verbose lock karma@0.12.31 /home/anuteja/.npm/feea9de1-karma-0-12-31.lock
36 silly lockFile feea9de1-karma-0-12-31 karma@0.12.31
37 silly lockFile feea9de1-karma-0-12-31 karma@0.12.31
38 silly lockFile cd7961bb-karma karma@
39 silly lockFile cd7961bb-karma karma@
40 silly resolved [ { name: 'karma',
40 silly resolved     description: 'Spectacular Test Runner for JavaScript.',
40 silly resolved     homepage: 'http://karma-runner.github.io/',
40 silly resolved     repository: { type: 'git', url: 'git://github.com/karma-runner/karma.git' },
40 silly resolved     bugs: { url: 'https://github.com/karma-runner/karma/issues' },
40 silly resolved     keywords:
40 silly resolved      [ 'karma',
40 silly resolved        'spectacular',
40 silly resolved        'runner',
40 silly resolved        'karma',
40 silly resolved        'js',
40 silly resolved        'javascript',
40 silly resolved        'testing',
40 silly resolved        'test',
40 silly resolved        'remote',
40 silly resolved        'execution' ],
40 silly resolved     author: { name: 'Vojta Jína', email: 'vojta.jina@gmail.com' },
40 silly resolved     contributors:
40 silly resolved      [ [Object],
40 silly resolved        [Object],
40 silly resolved        [Object],
40 silly resolved        [Object],
40 silly resolved        [Object],
40 silly resolved        [Object],
40 silly resolved        [Object],
40 silly resolved        [Object],
40 silly resolved        [Object],
40 silly resolved        [Object],
40 silly resolved        [Object],
40 silly resolved        [Object],
40 silly resolved        [Object],
40 silly resolved        [Object],
40 silly resolved        [Object],
40 silly resolved        [Object],
40 silly resolved        [Object],
40 silly resolved        [Object],
40 silly resolved        [Object],
40 silly resolved        [Object],
40 silly resolved        [Object],
40 silly resolved        [Object],
40 silly resolved        [Object],
40 silly resolved        [Object],
40 silly resolved        [Object],
40 silly resolved        [Object],
40 silly resolved        [Object],
40 silly resolved        [Object],
40 silly resolved        [Object],
40 silly resolved        [Object],
40 silly resolved        [Object],
40 silly resolved        [Object],
40 silly resolved        [Object],
40 silly resolved        [Object],
40 silly resolved        [Object],
40 silly resolved        [Object],
40 silly resolved        [Object],
40 silly resolved        [Object],
40 silly resolved        [Object],
40 silly resolved        [Object],
40 silly resolved        [Object],
40 silly resolved        [Object],
40 silly resolved        [Object],
40 silly resolved        [Object],
40 silly resolved        [Object],
40 silly resolved        [Object],
40 silly resolved        [Object],
40 silly resolved        [Object],
40 silly resolved        [Object],
40 silly resolved        [Object],
40 silly resolved        [Object],
40 silly resolved        [Object],
40 silly resolved        [Object],
40 silly resolved        [Object],
40 silly resolved        [Object],
40 silly resolved        [Object],
40 silly resolved        [Object],
40 silly resolved        [Object],
40 silly resolved        [Object],
40 silly resolved        [Object],
40 silly resolved        [Object],
40 silly resolved        [Object],
40 silly resolved        [Object],
40 silly resolved        [Object],
40 silly resolved        [Object],
40 silly resolved        [Object],
40 silly resolved        [Object],
40 silly resolved        [Object],
40 silly resolved        [Object],
40 silly resolved        [Object],
40 silly resolved        [Object],
40 silly resolved        [Object],
40 silly resolved        [Object],
40 silly resolved        [Object],
40 silly resolved        [Object],
40 silly resolved        [Object],
40 silly resolved        [Object],
40 silly resolved        [Object],
40 silly resolved        [Object],
40 silly resolved        [Object],
40 silly resolved        [Object],
40 silly resolved        [Object],
40 silly resolved        [Object],
40 silly resolved        [Object],
40 silly resolved        [Object],
40 silly resolved        [Object],
40 silly resolved        [Object],
40 silly resolved        [Object],
40 silly resolved        [Object],
40 silly resolved        [Object],
40 silly resolved        [Object],
40 silly resolved        [Object],
40 silly resolved        [Object],
40 silly resolved        [Object],
40 silly resolved        [Object],
40 silly resolved        [Object],
40 silly resolved        [Object],
40 silly resolved        [Object],
40 silly resolved        [Object],
40 silly resolved        [Object],
40 silly resolved        [Object],
40 silly resolved        [Object],
40 silly resolved        [Object],
40 silly resolved        [Object],
40 silly resolved        [Object],
40 silly resolved        [Object],
40 silly resolved        [Object],
40 silly resolved        [Object],
40 silly resolved        [Object],
40 silly resolved        [Object],
40 silly resolved        [Object],
40 silly resolved        [Object],
40 silly resolved        [Object],
40 silly resolved        [Object],
40 silly resolved        [Object],
40 silly resolved        [Object],
40 silly resolved        [Object],
40 silly resolved        [Object],
40 silly resolved        [Object],
40 silly resolved        [Object],
40 silly resolved        [Object],
40 silly resolved        [Object],
40 silly resolved        [Object],
40 silly resolved        [Object],
40 silly resolved        [Object],
40 silly resolved        [Object],
40 silly resolved        [Object],
40 silly resolved        [Object],
40 silly resolved        [Object],
40 silly resolved        [Object],
40 silly resolved        [Object],
40 silly resolved        [Object],
40 silly resolved        [Object],
40 silly resolved        [Object],
40 silly resolved        [Object],
40 silly resolved        [Object],
40 silly resolved        [Object] ],
40 silly resolved     dependencies:
40 silly resolved      { di: '~0.0.1',
40 silly resolved        'socket.io': '0.9.16',
40 silly resolved        chokidar: '>=0.8.2',
40 silly resolved        glob: '~3.2.7',
40 silly resolved        minimatch: '~0.2',
40 silly resolved        'http-proxy': '~0.10',
40 silly resolved        optimist: '~0.6.0',
40 silly resolved        rimraf: '~2.2.5',
40 silly resolved        q: '~0.9.7',
40 silly resolved        colors: '~0.6.2',
40 silly resolved        lodash: '~2.4.1',
40 silly resolved        mime: '~1.2.11',
40 silly resolved        log4js: '~0.6.3',
40 silly resolved        useragent: '~2.0.4',
40 silly resolved        'graceful-fs': '~2.0.1',
40 silly resolved        connect: '~2.26.0',
40 silly resolved        'source-map': '~0.1.31' },
40 silly resolved     devDependencies:
40 silly resolved      { grunt: '~0.4',
40 silly resolved        'grunt-simple-mocha': '*',
40 silly resolved        'grunt-contrib-jshint': '~0.10.0',
40 silly resolved        'grunt-contrib-watch': '~0.6.1',
40 silly resolved        'grunt-coffeelint': '~0.0.6',
40 silly resolved        'grunt-npm': '~0.0.1',
40 silly resolved        'grunt-bump': '~0.0.10',
40 silly resolved        'grunt-conventional-changelog': '~1.1.0',
40 silly resolved        'grunt-auto-release': '~0.0.3',
40 silly resolved        'grunt-browserify': '~2.1.3',
40 silly resolved        'load-grunt-tasks': '~0.6.0',
40 silly resolved        mocks: '~0.0.10',
40 silly resolved        which: '~1.0',
40 silly resolved        mocha: '~1.20.1',
40 silly resolved        chai: '~1.9.1',
40 silly resolved        'chai-as-promised': '~4.1.0',
40 silly resolved        sinon: '~1.10.3',
40 silly resolved        'sinon-chai': '~2.5.0',
40 silly resolved        'timer-shim': '~0.3.0',
40 silly resolved        'karma-jasmine': '~0.1.0',
40 silly resolved        'karma-mocha': '*',
40 silly resolved        'karma-qunit': '*',
40 silly resolved        'karma-coverage': '*',
40 silly resolved        'karma-requirejs': '*',
40 silly resolved        'karma-commonjs': '*',
40 silly resolved        'karma-growl-reporter': '*',
40 silly resolved        'karma-junit-reporter': '*',
40 silly resolved        'karma-chrome-launcher': '*',
40 silly resolved        'karma-firefox-launcher': '*',
40 silly resolved        'karma-sauce-launcher': '*',
40 silly resolved        'karma-phantomjs-launcher': '*',
40 silly resolved        'karma-ng-scenario': '*',
40 silly resolved        'karma-coffee-preprocessor': '*',
40 silly resolved        'karma-live-preprocessor': '*',
40 silly resolved        'karma-html2js-preprocessor': '*',
40 silly resolved        'karma-browserstack-launcher': '*',
40 silly resolved        LiveScript: '~1.2.0',
40 silly resolved        'coffee-errors': '~0.8.6',
40 silly resolved        'coffee-script': '~1.7.1',
40 silly resolved        'grunt-jscs-checker': '~0.6.1' },
40 silly resolved     main: './lib/index',
40 silly resolved     bin: {},
40 silly resolved     engines: { node: '~0.8 || ~0.10' },
40 silly resolved     version: '0.12.31',
40 silly resolved     license: 'MIT',
40 silly resolved     gitHead: '6d2e4a7751a04284ce0836eba72cbe844933be9e',
40 silly resolved     _id: 'karma@0.12.31',
40 silly resolved     scripts: {},
40 silly resolved     _shasum: '806aa7c2acb13a39edb9374a7a477e643a5e94c9',
40 silly resolved     _from: 'karma@',
40 silly resolved     _npmVersion: '2.1.17',
40 silly resolved     _nodeVersion: '0.10.35',
40 silly resolved     _npmUser: { name: 'karmarunnerbot', email: 'karmarunnerbot@gmail.com' },
40 silly resolved     maintainers: [ [Object], [Object] ],
40 silly resolved     dist:
40 silly resolved      { shasum: '806aa7c2acb13a39edb9374a7a477e643a5e94c9',
40 silly resolved        tarball: 'http://registry.npmjs.org/karma/-/karma-0.12.31.tgz' },
40 silly resolved     directories: {},
40 silly resolved     _resolved: 'https://registry.npmjs.org/karma/-/karma-0.12.31.tgz',
40 silly resolved     readme: 'ERROR: No README data found!' } ]
41 info install karma@0.12.31 into /usr/lib
42 info installOne karma@0.12.31
43 verbose lib/node_modules/karma unbuild
44 verbose tar unpack /home/anuteja/.npm/karma/0.12.31/package.tgz
45 silly lockFile 4af54543-tar-usr-lib-node-modules-karma tar:///usr/lib/node_modules/karma
46 verbose lock tar:///usr/lib/node_modules/karma /home/anuteja/.npm/4af54543-tar-usr-lib-node-modules-karma.lock
47 silly lockFile 3e640c01-ja-npm-karma-0-12-31-package-tgz tar:///home/anuteja/.npm/karma/0.12.31/package.tgz
48 verbose lock tar:///home/anuteja/.npm/karma/0.12.31/package.tgz /home/anuteja/.npm/3e640c01-ja-npm-karma-0-12-31-package-tgz.lock
49 silly gunzTarPerm modes [ '775', '664' ]
50 error Error: EACCES, mkdir '/usr/lib/node_modules/karma'
50 error  { [Error: EACCES, mkdir '/usr/lib/node_modules/karma']
50 error   errno: 3,
50 error   code: 'EACCES',
50 error   path: '/usr/lib/node_modules/karma',
50 error   fstream_type: 'Directory',
50 error   fstream_path: '/usr/lib/node_modules/karma',
50 error   fstream_class: 'DirWriter',
50 error   fstream_stack:
50 error    [ '/usr/lib/node_modules/npm/node_modules/fstream/lib/dir-writer.js:36:23',
50 error      '/usr/lib/node_modules/npm/node_modules/mkdirp/index.js:46:53',
50 error      'Object.oncomplete (fs.js:107:15)' ] }
51 error Please try running this command again as root/Administrator.
52 error System Linux 3.16.0-29-generic
53 error command "/usr/bin/node" "/usr/bin/npm" "install" "-g" "karma"
54 error cwd /home/anuteja/Workspace/spasht/client
55 error node -v v0.10.33
56 error npm -v 1.4.28
57 error path /usr/lib/node_modules/karma
58 error fstream_path /usr/lib/node_modules/karma
59 error fstream_type Directory
60 error fstream_class DirWriter
61 error code EACCES
62 error errno 3
63 error stack Error: EACCES, mkdir '/usr/lib/node_modules/karma'
64 error fstream_stack /usr/lib/node_modules/npm/node_modules/fstream/lib/dir-writer.js:36:23
64 error fstream_stack /usr/lib/node_modules/npm/node_modules/mkdirp/index.js:46:53
64 error fstream_stack Object.oncomplete (fs.js:107:15)
65 verbose exit [ 3, true ]
